<?xml version="1.0" encoding="UTF-8"?>
<!-- Generated by org.testng.reporters.JUnitReportReporter -->
<testsuite skipped="1" hostname="Jeys-MBP.home" name="com.automationlabs.tests.NaveenPageTest" tests="4" failures="0" timestamp="2020-11-01T01:38:29 EST" time="6.808" errors="0">
  <testcase name="Link_NaveenAutomationLabs_Test" time="1.020" classname="com.automationlabs.tests.NaveenPageTest"/>
  <testcase name="click_and_GO_Meeting_Test" time="0.757" classname="com.automationlabs.tests.NaveenPageTest"/>
  <testcase name="NaveenPageTitleTest" time="5.031" classname="com.automationlabs.tests.NaveenPageTest"/>
  <testcase name="lifeMottoText_Test" classname="com.automationlabs.tests.NaveenPageTest">
    <skipped/>
  </testcase> <!-- lifeMottoText_Test -->
</testsuite> <!-- com.automationlabs.tests.NaveenPageTest -->
