<?xml version="1.0" encoding="UTF-8"?>
<!-- Generated by org.testng.reporters.JUnitReportReporter -->
<testsuite skipped="2" hostname="Jeys-MBP.home" name="com.automationlabs.tests.WelcomePageTest" tests="5" failures="0" timestamp="2020-10-23T22:12:05 EDT" time="0.425" errors="0">
  <testcase name="verifywelcomepageTitle_Test" time="0.358" classname="com.automationlabs.tests.WelcomePageTest"/>
  <testcase name="verify_naveenAutomationlabs_link_test" time="0.040" classname="com.automationlabs.tests.WelcomePageTest"/>
  <testcase name="verify_learnTechnology_TexTest" time="0.027" classname="com.automationlabs.tests.WelcomePageTest"/>
  <testcase name="closePopUpTest" classname="com.automationlabs.tests.WelcomePageTest">
    <skipped/>
  </testcase> <!-- closePopUpTest -->
  <testcase name="clickContactUsButtonTest" classname="com.automationlabs.tests.WelcomePageTest">
    <skipped/>
  </testcase> <!-- clickContactUsButtonTest -->
</testsuite> <!-- com.automationlabs.tests.WelcomePageTest -->
