<?xml version="1.0" encoding="UTF-8"?>
<!-- Generated by org.testng.reporters.JUnitReportReporter -->
<testsuite skipped="0" hostname="Jeys-MBP.home" name="com.automationlabs.tests.MeetingPageTest" tests="4" failures="0" timestamp="2020-11-02T23:59:33 EST" time="24.102" errors="0">
  <testcase name="fillTheMeetingFormTest" time="6.388" classname="com.automationlabs.tests.MeetingPageTest"/>
  <testcase name="fillTheMeetingFormTest" time="5.952" classname="com.automationlabs.tests.MeetingPageTest"/>
  <testcase name="fillTheMeetingFormTest" time="5.930" classname="com.automationlabs.tests.MeetingPageTest"/>
  <testcase name="fillTheMeetingFormTest" time="5.832" classname="com.automationlabs.tests.MeetingPageTest"/>
</testsuite> <!-- com.automationlabs.tests.MeetingPageTest -->
