<?xml version="1.0" encoding="UTF-8"?>
<!-- Generated by org.testng.reporters.JUnitReportReporter -->
<testsuite skipped="0" hostname="Jeys-MBP.home" name="com.automationlabs.tests.MeetingPageTest" tests="4" failures="0" timestamp="2020-11-01T01:38:29 EST" time="24.954" errors="0">
  <testcase name="fillTheMeetingFormTest" time="5.937" classname="com.automationlabs.tests.MeetingPageTest"/>
  <testcase name="fillTheMeetingFormTest" time="6.188" classname="com.automationlabs.tests.MeetingPageTest"/>
  <testcase name="fillTheMeetingFormTest" time="6.142" classname="com.automationlabs.tests.MeetingPageTest"/>
  <testcase name="fillTheMeetingFormTest" time="6.687" classname="com.automationlabs.tests.MeetingPageTest"/>
</testsuite> <!-- com.automationlabs.tests.MeetingPageTest -->
