<?xml version="1.0" encoding="UTF-8"?>
<!-- Generated by org.testng.reporters.JUnitReportReporter -->
<testsuite skipped="0" hostname="Jeys-MBP.home" name="com.automationlabs.tests.MeetingPageTest" tests="4" failures="0" timestamp="2020-11-09T14:59:44 EST" time="24.941" errors="0">
  <testcase name="fillTheMeetingFormTest" time="6.032" classname="com.automationlabs.tests.MeetingPageTest"/>
  <testcase name="fillTheMeetingFormTest" time="5.923" classname="com.automationlabs.tests.MeetingPageTest"/>
  <testcase name="fillTheMeetingFormTest" time="6.805" classname="com.automationlabs.tests.MeetingPageTest"/>
  <testcase name="fillTheMeetingFormTest" time="6.181" classname="com.automationlabs.tests.MeetingPageTest"/>
</testsuite> <!-- com.automationlabs.tests.MeetingPageTest -->
