<?xml version="1.0" encoding="UTF-8"?>
<!-- Generated by org.testng.reporters.JUnitReportReporter -->
<testsuite skipped="1" hostname="Jeys-MBP.home" name="com.automationlabs.tests.NaveenPageTest" tests="4" failures="0" timestamp="2020-11-09T14:59:44 EST" time="7.323" errors="0">
  <testcase name="NaveenPageTitleTest" time="5.033" classname="com.automationlabs.tests.NaveenPageTest"/>
  <testcase name="click_and_GO_Meeting_Test" time="0.708" classname="com.automationlabs.tests.NaveenPageTest"/>
  <testcase name="Link_NaveenAutomationLabs_Test" time="1.582" classname="com.automationlabs.tests.NaveenPageTest"/>
  <testcase name="lifeMottoText_Test" classname="com.automationlabs.tests.NaveenPageTest">
    <skipped/>
  </testcase> <!-- lifeMottoText_Test -->
</testsuite> <!-- com.automationlabs.tests.NaveenPageTest -->
