<?xml version="1.0" encoding="UTF-8"?>
<!-- Generated by org.testng.reporters.JUnitReportReporter -->
<testsuite skipped="0" hostname="Jeys-MBP.home" name="com.automationlabs.tests.MeetingPageTest" tests="4" failures="0" timestamp="2020-11-09T12:22:40 EST" time="24.279" errors="0">
  <testcase name="fillTheMeetingFormTest" time="5.820" classname="com.automationlabs.tests.MeetingPageTest"/>
  <testcase name="fillTheMeetingFormTest" time="6.575" classname="com.automationlabs.tests.MeetingPageTest"/>
  <testcase name="fillTheMeetingFormTest" time="5.941" classname="com.automationlabs.tests.MeetingPageTest"/>
  <testcase name="fillTheMeetingFormTest" time="5.943" classname="com.automationlabs.tests.MeetingPageTest"/>
</testsuite> <!-- com.automationlabs.tests.MeetingPageTest -->
