<?xml version="1.0" encoding="UTF-8"?>
<!-- Generated by org.testng.reporters.JUnitReportReporter -->
<testsuite skipped="1" hostname="Jeys-MBP.home" name="com.automationlabs.tests.NaveenPageTest" tests="2" failures="0" timestamp="2020-11-02T23:22:55 EST" time="0.971" errors="0">
  <testcase name="click_and_GO_Meeting_Test" time="0.971" classname="com.automationlabs.tests.NaveenPageTest"/>
  <testcase name="lifeMottoText_Test" classname="com.automationlabs.tests.NaveenPageTest">
    <skipped/>
  </testcase> <!-- lifeMottoText_Test -->
</testsuite> <!-- com.automationlabs.tests.NaveenPageTest -->
