<?xml version="1.0" encoding="UTF-8"?>
<!-- Generated by org.testng.reporters.JUnitReportReporter -->
<testsuite skipped="0" hostname="Jeys-MBP.home" name="com.automationlabs.tests.ContacUsPageTest" tests="6" failures="0" timestamp="2020-10-23T20:33:41 EDT" time="1.670" errors="0">
  <testcase name="getLinkTest" time="0.069" classname="com.automationlabs.tests.ContacUsPageTest"/>
  <testcase name="SearchKeywordTest" time="0.022" classname="com.automationlabs.tests.ContacUsPageTest"/>
  <testcase name="searchTextFieldTest" time="0.157" classname="com.automationlabs.tests.ContacUsPageTest"/>
  <testcase name="IncaseTextTest" time="0.113" classname="com.automationlabs.tests.ContacUsPageTest"/>
  <testcase name="ContactusPageHeaderTest" time="1.193" classname="com.automationlabs.tests.ContacUsPageTest"/>
  <testcase name="ContactusPageTitleTest" time="0.116" classname="com.automationlabs.tests.ContacUsPageTest"/>
</testsuite> <!-- com.automationlabs.tests.ContacUsPageTest -->
